<?xml version="1.0" encoding="UTF-8"?>
<!-- Generated by org.testng.reporters.JUnitReportReporter -->
<testsuite hostname="DESKTOP-ACCIQVM" failures="0" tests="1" name="day15.SeleniumDay15.Main" time="16.345" errors="0" timestamp="2022-03-05T08:04:17 NPT" skipped="0">
  <testcase classname="day15.SeleniumDay15.Main" name="handleAuthPopups" time="16.345"/>
  <system-out/>
</testsuite> <!-- day15.SeleniumDay15.Main -->
