<?xml version="1.0" encoding="UTF-8"?>
<!-- Generated by org.testng.reporters.JUnitReportReporter -->
<testsuite hostname="DESKTOP-ACCIQVM" failures="0" tests="1" name="mecuryToursTest.MecuryToursTests" time="1.535" errors="0" timestamp="2022-02-03T07:29:44 NPT" skipped="0">
  <testcase classname="mecuryToursTest.MecuryToursTests" name="test1" time="1.535"/>
  <system-out/>
</testsuite> <!-- mecuryToursTest.MecuryToursTests -->
