<?xml version="1.0" encoding="UTF-8"?>
<!-- Generated by org.testng.reporters.JUnitReportReporter -->
<testsuite hostname="DESKTOP-ACCIQVM" failures="0" tests="1" name="day14.SeleniumDay14.MainApp" time="16.160" errors="0" timestamp="2022-03-03T07:11:07 NPT" skipped="0">
  <testcase classname="day14.SeleniumDay14.MainApp" name="handlingTabs2" time="16.160"/>
  <system-out/>
</testsuite> <!-- day14.SeleniumDay14.MainApp -->
