<?xml version="1.0" encoding="UTF-8"?>
<!-- Generated by org.testng.reporters.JUnitReportReporter -->
<testsuite hostname="DESKTOP-ACCIQVM" failures="0" tests="1" name="day22.SeleniumDay22.AppTest" time="7.727" errors="0" timestamp="2022-03-12T07:42:06 NPT" skipped="0">
  <testcase classname="day22.SeleniumDay22.AppTest" name="googleSearch4" time="7.727"/>
  <system-out/>
</testsuite> <!-- day22.SeleniumDay22.AppTest -->
