<?xml version="1.0" encoding="UTF-8"?>
<!-- Generated by org.testng.reporters.JUnitReportReporter -->
<testsuite hostname="DESKTOP-ACCIQVM" failures="0" tests="1" name="day7.SeleniumDay7.Runner" time="7.597" errors="0" timestamp="2022-02-09T07:50:39 NPT" skipped="0">
  <testcase classname="day7.SeleniumDay7.Runner" name="loginTest" time="7.597"/>
  <system-out/>
</testsuite> <!-- day7.SeleniumDay7.Runner -->
