<?xml version="1.0" encoding="UTF-8"?>
<!-- Generated by org.testng.reporters.JUnitReportReporter -->
<testsuite hostname="DESKTOP-ACCIQVM" failures="0" tests="1" name="lastDay.SeleniumDay23.AppTest" time="18.684" errors="0" timestamp="2022-03-15T08:10:03 NPT" skipped="0">
  <testcase classname="lastDay.SeleniumDay23.AppTest" name="writeIntoExcel" time="18.684"/>
  <system-out/>
</testsuite> <!-- lastDay.SeleniumDay23.AppTest -->
