<?xml version="1.0" encoding="UTF-8"?>
<!-- Generated by org.testng.reporters.JUnitReportReporter -->
<testsuite hostname="DESKTOP-ACCIQVM" failures="0" tests="1" name="day9.SeleniumDay9.Runner" time="14.669" errors="0" timestamp="2022-02-16T07:14:54 NPT" skipped="0">
  <testcase classname="day9.SeleniumDay9.Runner" name="verifyLogin" time="14.669"/>
  <system-out/>
</testsuite> <!-- day9.SeleniumDay9.Runner -->
