<?xml version="1.0" encoding="UTF-8"?>
<!-- Generated by org.testng.reporters.JUnitReportReporter -->
<testsuite hostname="DESKTOP-ACCIQVM" failures="0" tests="1" name="day10.SeleniumDay10.TestApp" time="20.142" errors="0" timestamp="2022-02-16T07:46:55 NPT" skipped="0">
  <testcase classname="day10.SeleniumDay10.TestApp" name="fillUpForm" time="20.142"/>
  <system-out/>
</testsuite> <!-- day10.SeleniumDay10.TestApp -->
