<?xml version="1.0" encoding="UTF-8"?>
<!-- Generated by org.testng.reporters.JUnitReportReporter -->
<testsuite hostname="DESKTOP-ACCIQVM" failures="0" tests="8" name="tests.TestNGDependencies" time="19.975" errors="0" timestamp="2022-02-05T07:06:06 NPT" skipped="0">
  <testcase classname="tests.TestNGDependencies" name="test6" time="2.532"/>
  <system-out/>
  <testcase classname="tests.TestNGDependencies" name="test7" time="2.572"/>
  <system-out/>
  <testcase classname="tests.TestNGDependencies" name="test4" time="3.142"/>
  <system-out/>
  <testcase classname="tests.TestNGDependencies" name="test8" time="2.600"/>
  <system-out/>
  <testcase classname="tests.TestNGDependencies" name="test5" time="2.184"/>
  <system-out/>
  <testcase classname="tests.TestNGDependencies" name="test2" time="2.157"/>
  <system-out/>
  <testcase classname="tests.TestNGDependencies" name="test3" time="2.598"/>
  <system-out/>
  <testcase classname="tests.TestNGDependencies" name="test1" time="2.190"/>
  <system-out/>
</testsuite> <!-- tests.TestNGDependencies -->
