<?xml version="1.0" encoding="UTF-8"?>
<!-- Generated by org.testng.reporters.JUnitReportReporter -->
<testsuite hostname="DESKTOP-ACCIQVM" failures="0" tests="1" name="day11.SeleniumDay11.TestApp" time="3.987" errors="0" timestamp="2022-02-17T07:42:38 NPT" skipped="0">
  <testcase classname="day11.SeleniumDay11.TestApp" name="displayTable" time="3.987"/>
  <system-out/>
</testsuite> <!-- day11.SeleniumDay11.TestApp -->
