<?xml version="1.0" encoding="UTF-8"?>
<!-- Generated by org.testng.reporters.JUnitReportReporter -->
<testsuite hostname="DESKTOP-ACCIQVM" failures="0" tests="1" name="day8.SeleniumDay8.Runner" time="7.565" errors="0" timestamp="2022-02-10T07:36:42 NPT" skipped="0">
  <testcase classname="day8.SeleniumDay8.Runner" name="calculateTax" time="7.565"/>
  <system-out/>
</testsuite> <!-- day8.SeleniumDay8.Runner -->
