<?xml version="1.0" encoding="UTF-8"?>
<!-- Generated by org.testng.reporters.JUnitReportReporter -->
<testsuite hostname="DESKTOP-ACCIQVM" failures="0" tests="1" name="day19.SeleniumDay19.TestApp" time="9.153" errors="0" timestamp="2022-03-09T07:35:10 NPT" skipped="0">
  <testcase classname="day19.SeleniumDay19.TestApp" name="download" time="9.153"/>
  <system-out/>
</testsuite> <!-- day19.SeleniumDay19.TestApp -->
