<?xml version="1.0" encoding="UTF-8"?>
<!-- Generated by org.testng.reporters.JUnitReportReporter -->
<testsuite hostname="DESKTOP-ACCIQVM" failures="0" tests="1" name="day12.SeleniumDay12.TestApp" time="3.620" errors="0" timestamp="2022-02-19T07:11:58 NPT" skipped="0">
  <testcase classname="day12.SeleniumDay12.TestApp" name="workingWithTables" time="3.620"/>
  <system-out/>
</testsuite> <!-- day12.SeleniumDay12.TestApp -->
