<?xml version="1.0" encoding="UTF-8"?>
<!-- Generated by org.testng.reporters.JUnitReportReporter -->
<testsuite hostname="DESKTOP-ACCIQVM" failures="0" tests="1" name="day18.SeleniumDay18.TestApp" time="11.992" errors="0" timestamp="2022-03-08T07:44:06 NPT" skipped="0">
  <testcase classname="day18.SeleniumDay18.TestApp" name="tst21" time="11.992"/>
  <system-out/>
</testsuite> <!-- day18.SeleniumDay18.TestApp -->
