<?xml version="1.0" encoding="UTF-8"?>
<!-- Generated by org.testng.reporters.JUnitReportReporter -->
<testsuite hostname="DESKTOP-ACCIQVM" failures="0" tests="1" name="day21.SeleniumDay21.AppTest" time="13.841" errors="0" timestamp="2022-03-11T07:49:46 NPT" skipped="0">
  <testcase classname="day21.SeleniumDay21.AppTest" name="clickUsingRobot" time="13.841"/>
  <system-out/>
</testsuite> <!-- day21.SeleniumDay21.AppTest -->
