<?xml version="1.0" encoding="UTF-8"?>
<!-- Generated by org.testng.reporters.JUnitReportReporter -->
<testsuite hostname="DESKTOP-ACCIQVM" failures="0" tests="1" name="day13.SeleniumDay13.TestApp" time="10.364" errors="0" timestamp="2022-03-01T07:26:52 NPT" skipped="0">
  <testcase classname="day13.SeleniumDay13.TestApp" name="googleSearch" time="10.364"/>
  <system-out/>
</testsuite> <!-- day13.SeleniumDay13.TestApp -->
